[0m[[0m[0mdebug[0m] [0m[0m> Exec(~c, Some(73b0c4f1-8e4d-4c45-aeca-a9068f22f5d2), Some(CommandSource(console0)))[0m
[0m[[0m[31merror[0m] [0m[0mjava.lang.IllegalArgumentException: Invalid commands: 'c,[0m
[0m[[0m[31merror[0m] [0m[0m	at sbt.internal.Continuous$.validateCommands(Continuous.scala:212)[0m
[0m[[0m[31merror[0m] [0m[0m	at sbt.internal.Continuous$.getCallbacks(Continuous.scala:275)[0m
[0m[[0m[31merror[0m] [0m[0m	at sbt.internal.ContinuousCommands$.cb$1(Continuous.scala:1235)[0m
[0m[[0m[31merror[0m] [0m[0m	at sbt.internal.ContinuousCommands$.$anonfun$setupWatchState$1(Continuous.scala:1279)[0m
[0m[[0m[31merror[0m] [0m[0m	at sbt.internal.ContinuousCommands$.$anonfun$setupWatchState$1$adapted(Continuous.scala:1215)[0m
[0m[[0m[31merror[0m] [0m[0m	at sbt.internal.Continuous$.$anonfun$continuous$1(Continuous.scala:120)[0m
[0m[[0m[31merror[0m] [0m[0m	at sbt.Command$.$anonfun$applyEffect$4(Command.scala:151)[0m
[0m[[0m[31merror[0m] [0m[0m	at sbt.Command$.$anonfun$applyEffect$2(Command.scala:146)[0m
[0m[[0m[31merror[0m] [0m[0m	at sbt.Command$.process(Command.scala:190)[0m
[0m[[0m[31merror[0m] [0m[0m	at sbt.MainLoop$.$anonfun$processCommand$5(MainLoop.scala:246)[0m
[0m[[0m[31merror[0m] [0m[0m	at scala.Option.getOrElse(Option.scala:189)[0m
[0m[[0m[31merror[0m] [0m[0m	at sbt.MainLoop$.process$1(MainLoop.scala:246)[0m
[0m[[0m[31merror[0m] [0m[0m	at sbt.MainLoop$.processCommand(MainLoop.scala:277)[0m
[0m[[0m[31merror[0m] [0m[0m	at sbt.MainLoop$.$anonfun$next$5(MainLoop.scala:164)[0m
[0m[[0m[31merror[0m] [0m[0m	at sbt.State$StateOpsImpl$.runCmd$1(State.scala:290)[0m
[0m[[0m[31merror[0m] [0m[0m	at sbt.State$StateOpsImpl$.process$extension(State.scala:326)[0m
[0m[[0m[31merror[0m] [0m[0m	at sbt.MainLoop$.$anonfun$next$4(MainLoop.scala:164)[0m
[0m[[0m[31merror[0m] [0m[0m	at sbt.internal.util.ErrorHandling$.wideConvert(ErrorHandling.scala:24)[0m
[0m[[0m[31merror[0m] [0m[0m	at sbt.MainLoop$.next(MainLoop.scala:164)[0m
[0m[[0m[31merror[0m] [0m[0m	at sbt.MainLoop$.run(MainLoop.scala:145)[0m
[0m[[0m[31merror[0m] [0m[0m	at sbt.MainLoop$.$anonfun$runWithNewLog$1(MainLoop.scala:120)[0m
[0m[[0m[31merror[0m] [0m[0m	at sbt.io.Using.apply(Using.scala:28)[0m
[0m[[0m[31merror[0m] [0m[0m	at sbt.MainLoop$.runWithNewLog(MainLoop.scala:113)[0m
[0m[[0m[31merror[0m] [0m[0m	at sbt.MainLoop$.runAndClearLast(MainLoop.scala:67)[0m
[0m[[0m[31merror[0m] [0m[0m	at sbt.MainLoop$.runLoggedLoop(MainLoop.scala:52)[0m
[0m[[0m[31merror[0m] [0m[0m	at sbt.MainLoop$.runLogged(MainLoop.scala:43)[0m
[0m[[0m[31merror[0m] [0m[0m	at sbt.StandardMain$.runManaged(Main.scala:225)[0m
[0m[[0m[31merror[0m] [0m[0m	at sbt.xMain$.$anonfun$run$11(Main.scala:135)[0m
[0m[[0m[31merror[0m] [0m[0m	at scala.util.DynamicVariable.withValue(DynamicVariable.scala:62)[0m
[0m[[0m[31merror[0m] [0m[0m	at scala.Console$.withIn(Console.scala:230)[0m
[0m[[0m[31merror[0m] [0m[0m	at sbt.internal.util.Terminal$.withIn(Terminal.scala:610)[0m
[0m[[0m[31merror[0m] [0m[0m	at sbt.internal.util.Terminal$.$anonfun$withStreams$1(Terminal.scala:390)[0m
[0m[[0m[31merror[0m] [0m[0m	at scala.util.DynamicVariable.withValue(DynamicVariable.scala:62)[0m
[0m[[0m[31merror[0m] [0m[0m	at scala.Console$.withOut(Console.scala:167)[0m
[0m[[0m[31merror[0m] [0m[0m	at sbt.internal.util.Terminal$.$anonfun$withOut$2(Terminal.scala:600)[0m
[0m[[0m[31merror[0m] [0m[0m	at scala.util.DynamicVariable.withValue(DynamicVariable.scala:62)[0m
[0m[[0m[31merror[0m] [0m[0m	at scala.Console$.withErr(Console.scala:196)[0m
[0m[[0m[31merror[0m] [0m[0m	at sbt.internal.util.Terminal$.withOut(Terminal.scala:600)[0m
[0m[[0m[31merror[0m] [0m[0m	at sbt.internal.util.Terminal$.withStreams(Terminal.scala:390)[0m
[0m[[0m[31merror[0m] [0m[0m	at sbt.xMain$.withStreams$1(Main.scala:88)[0m
[0m[[0m[31merror[0m] [0m[0m	at sbt.xMain$.run(Main.scala:123)[0m
[0m[[0m[31merror[0m] [0m[0m	at sun.reflect.NativeMethodAccessorImpl.invoke0(Native Method)[0m
[0m[[0m[31merror[0m] [0m[0m	at sun.reflect.NativeMethodAccessorImpl.invoke(NativeMethodAccessorImpl.java:62)[0m
[0m[[0m[31merror[0m] [0m[0m	at sun.reflect.DelegatingMethodAccessorImpl.invoke(DelegatingMethodAccessorImpl.java:43)[0m
[0m[[0m[31merror[0m] [0m[0m	at java.lang.reflect.Method.invoke(Method.java:498)[0m
[0m[[0m[31merror[0m] [0m[0m	at sbt.internal.XMainConfiguration.run(XMainConfiguration.java:59)[0m
[0m[[0m[31merror[0m] [0m[0m	at sbt.xMain.run(Main.scala:47)[0m
[0m[[0m[31merror[0m] [0m[0m	at xsbt.boot.Launch$.$anonfun$run$1(Launch.scala:149)[0m
[0m[[0m[31merror[0m] [0m[0m	at xsbt.boot.Launch$.withContextLoader(Launch.scala:176)[0m
[0m[[0m[31merror[0m] [0m[0m	at xsbt.boot.Launch$.run(Launch.scala:149)[0m
[0m[[0m[31merror[0m] [0m[0m	at xsbt.boot.Launch$.$anonfun$apply$1(Launch.scala:44)[0m
[0m[[0m[31merror[0m] [0m[0m	at xsbt.boot.Launch$.launch(Launch.scala:159)[0m
[0m[[0m[31merror[0m] [0m[0m	at xsbt.boot.Launch$.apply(Launch.scala:44)[0m
[0m[[0m[31merror[0m] [0m[0m	at xsbt.boot.Launch$.apply(Launch.scala:21)[0m
[0m[[0m[31merror[0m] [0m[0m	at xsbt.boot.Boot$.runImpl(Boot.scala:78)[0m
[0m[[0m[31merror[0m] [0m[0m	at xsbt.boot.Boot$.run(Boot.scala:73)[0m
[0m[[0m[31merror[0m] [0m[0m	at xsbt.boot.Boot$.main(Boot.scala:21)[0m
[0m[[0m[31merror[0m] [0m[0m	at xsbt.boot.Boot.main(Boot.scala)[0m
[0m[[0m[31merror[0m] [0m[0mjava.lang.IllegalArgumentException: Invalid commands: 'c,[0m
[0m[[0m[31merror[0m] [0m[0mUse 'last' for the full log.[0m
[0m[[0m[0mdebug[0m] [0m[0m> Exec(shell, None, None)[0m
[0m[[0m[0mdebug[0m] [0m[0mForcing garbage collection...[0m
[0m[[0m[0minfo[0m] [0m[0mshutting down sbt server[0m
